[I 2025-02-18 06:30:56,563] A new study created in memory with name: no-name-28cf5597-a7d0-4be3-afd5-845f8f532bdf
-691047.9000000651
-3651566.0159998746
-5753383.070000056
-677837.7000000493
[I 2025-02-18 07:31:03,673] Trial 0 finished with value: -10773834.69 and parameters: {'alpha': 0.1}. Best is trial 0 with value: -10773834.69.
-73950.59999999823
-394541.199999999
-855625.3239998994
-77254.39999999742
[I 2025-02-18 08:30:17,083] Trial 1 finished with value: -1401371.52 and parameters: {'alpha': 0.9}. Best is trial 1 with value: -1401371.52.
-460103.9999999761
-2376980.9920000257
-4982132.876000165
-462362.99999997497
[I 2025-02-18 09:29:55,290] Trial 2 finished with value: -8281580.87 and parameters: {'alpha': 0.4}. Best is trial 1 with value: -1401371.52.
-703320.3000000544
-3508198.4639999284
-5598515.3950002305
-705464.1000000676
[I 2025-02-18 10:28:51,606] Trial 3 finished with value: -10515498.26 and parameters: {'alpha': 0.1}. Best is trial 1 with value: -1401371.52.
-690374.7000000539
-3577227.39199993
-5641578.059999752
-687547.8000000603
[I 2025-02-18 11:27:52,607] Trial 4 finished with value: -10596727.95 and parameters: {'alpha': 0.1}. Best is trial 1 with value: -1401371.52.
-686343.6000000632
-3613408.623999886
-5729334.254999851
-677462.4000000595
[I 2025-02-18 12:41:54,179] Trial 5 finished with value: -10706548.87 and parameters: {'alpha': 0.1}. Best is trial 1 with value: -1401371.52.
-392055.50000000774
-1946743.3599999836
-4142859.844999354
-379247.0000000059
[I 2025-02-18 13:56:48,929] Trial 6 finished with value: -6860905.7 and parameters: {'alpha': 0.5}. Best is trial 1 with value: -1401371.52.
-458717.9999999801
-2356062.207999953
-4870882.739999876
-463161.59999997483
[I 2025-02-18 14:57:07,382] Trial 7 finished with value: -8148824.55 and parameters: {'alpha': 0.4}. Best is trial 1 with value: -1401371.52.
-692712.9000000679
-3348489.999999939
-5662763.301000408
-711763.200000071
[I 2025-02-18 15:56:35,214] Trial 8 finished with value: -10415729.399999999 and parameters: {'alpha': 0.1}. Best is trial 1 with value: -1401371.52.